This file contains any messages produced by compilers while
running configure, to aid debugging if configure makes a mistake.

It was created by UniCC configure 1.9.0, which was
generated by GNU Autoconf 2.72.  Invocation command line was

  $ ./configure --with-bootstrap

## --------- ##
## Platform. ##
## --------- ##

hostname = localhost
uname -m = aarch64
uname -r = 6.2.1-PRoot-Distro
uname -s = Linux
uname -v = #1 SMP PREEMPT Wed Sep 25 19:01:25 UTC 2019

/usr/bin/uname -p = unknown
/bin/uname -X     = unknown

/bin/arch              = aarch64
/usr/bin/arch -k       = unknown
/usr/convex/getsysinfo = unknown
/usr/bin/hostinfo      = unknown
/bin/machine           = unknown
/usr/bin/oslevel       = unknown
/bin/universe          = unknown

PATH: /usr/local/sbin/
PATH: /usr/local/bin/
PATH: /usr/sbin/
PATH: /usr/bin/
PATH: /sbin/
PATH: /bin/
PATH: /usr/local/games/
PATH: /usr/games/
PATH: /data/data/com.termux/files/usr/bin/
PATH: /system/bin/
PATH: /system/xbin/


## ----------- ##
## Core tests. ##
## ----------- ##

configure:2362: looking for aux files: compile missing install-sh
configure:2375:  trying ./
configure:2404:   ./compile found
configure:2404:   ./missing found
configure:2386:   ./install-sh found
configure:2536: checking for a BSD-compatible install
configure:2610: result: /usr/bin/install -c
configure:2621: checking whether sleep supports fractional seconds
configure:2637: result: yes
configure:2640: checking filesystem timestamp resolution
configure:2775: result: 2
configure:2780: checking whether build environment is sane
configure:2821: result: yes
configure:2992: checking for a race-free mkdir -p
configure:3035: result: /bin/mkdir -p
configure:3042: checking for gawk
configure:3063: found /data/data/com.termux/files/usr/bin/gawk
configure:3075: result: gawk
configure:3086: checking whether make sets $(MAKE)
configure:3110: result: yes
configure:3136: checking whether make supports nested variables
configure:3155: result: yes
configure:3169: checking xargs -n works
configure:3185: result: yes
configure:3285: checking whether Phorward trace facilities will be integrated
configure:3298: result: no
configure:3365: checking for gcc
configure:3386: found /usr/bin/gcc
configure:3398: result: gcc
configure:3757: checking for C compiler version
configure:3766: gcc --version >&5
gcc (Alpine 14.2.0) 14.2.0
Copyright (C) 2024 Free Software Foundation, Inc.
This is free software; see the source for copying conditions.  There is NO
warranty; not even for MERCHANTABILITY or FITNESS FOR A PARTICULAR PURPOSE.

configure:3777: $? = 0
configure:3766: gcc -v >&5
Using built-in specs.
COLLECT_GCC=gcc
COLLECT_LTO_WRAPPER=/usr/libexec/gcc/aarch64-alpine-linux-musl/14.2.0/lto-wrapper
Target: aarch64-alpine-linux-musl
Configured with: /home/buildozer/aports/main/gcc/src/gcc-14.2.0/configure --prefix=/usr --mandir=/usr/share/man --infodir=/usr/share/info --build=aarch64-alpine-linux-musl --host=aarch64-alpine-linux-musl --target=aarch64-alpine-linux-musl --enable-checking=release --disable-cet --disable-fixed-point --disable-libstdcxx-pch --disable-multilib --disable-nls --disable-werror --disable-symvers --enable-__cxa_atexit --enable-default-pie --enable-default-ssp --enable-languages=c,c++,d,objc,go,fortran,ada --enable-link-serialization=2 --enable-linker-build-id --with-arch=armv8-a --with-abi=lp64 --disable-libquadmath --disable-libssp --disable-libsanitizer --enable-shared --enable-threads --enable-tls --with-bugurl=https://gitlab.alpinelinux.org/alpine/aports/-/issues --with-system-zlib --with-linker-hash-style=gnu --with-pkgversion='Alpine 14.2.0'
Thread model: posix
Supported LTO compression algorithms: zlib
gcc version 14.2.0 (Alpine 14.2.0) 
configure:3777: $? = 0
configure:3766: gcc -V >&5
gcc: error: unrecognized command-line option '-V'
gcc: fatal error: no input files
compilation terminated.
configure:3777: $? = 1
configure:3766: gcc -qversion >&5
gcc: error: unrecognized command-line option '-qversion'; did you mean '--version'?
gcc: fatal error: no input files
compilation terminated.
configure:3777: $? = 1
configure:3766: gcc -version >&5
gcc: error: unrecognized command-line option '-version'
gcc: fatal error: no input files
compilation terminated.
configure:3777: $? = 1
configure:3797: checking whether the C compiler works
configure:3819: gcc    conftest.c  >&5

## ---------------- ##
## Cache variables. ##
## ---------------- ##

ac_cv_env_CC_set=''
ac_cv_env_CC_value=''
ac_cv_env_CFLAGS_set=''
ac_cv_env_CFLAGS_value=''
ac_cv_env_CPPFLAGS_set=''
ac_cv_env_CPPFLAGS_value=''
ac_cv_env_LDFLAGS_set=''
ac_cv_env_LDFLAGS_value=''
ac_cv_env_LIBS_set=''
ac_cv_env_LIBS_value=''
ac_cv_env_build_alias_set=''
ac_cv_env_build_alias_value=''
ac_cv_env_host_alias_set=''
ac_cv_env_host_alias_value=''
ac_cv_env_target_alias_set=''
ac_cv_env_target_alias_value=''
ac_cv_path_install='/usr/bin/install -c'
ac_cv_path_mkdir='/bin/mkdir'
ac_cv_prog_AWK='gawk'
ac_cv_prog_ac_ct_CC='gcc'
ac_cv_prog_make_make_set='yes'
am_cv_filesystem_timestamp_resolution='2'
am_cv_make_support_nested_variables='yes'
am_cv_sleep_fractional_seconds='yes'
am_cv_xargs_n_works='yes'

## ----------------- ##
## Output variables. ##
## ----------------- ##

ACLOCAL='${SHELL} '\''/root/ZLangTranspiler/unicc/missing'\'' aclocal-1.17'
AMDEPBACKSLASH=''
AMDEP_FALSE=''
AMDEP_TRUE=''
AMTAR='$${TAR-tar}'
AM_BACKSLASH='\'
AM_DEFAULT_V=''
AM_DEFAULT_VERBOSITY='1'
AM_V=''
AUTOCONF='${SHELL} '\''/root/ZLangTranspiler/unicc/missing'\'' autoconf'
AUTOHEADER='${SHELL} '\''/root/ZLangTranspiler/unicc/missing'\'' autoheader'
AUTOMAKE='${SHELL} '\''/root/ZLangTranspiler/unicc/missing'\'' automake-1.17'
AWK='gawk'
CC='gcc'
CCDEPMODE=''
CFLAGS=''
CPPFLAGS=''
CSCOPE='cscope'
CTAGS='ctags'
CYGPATH_W='echo'
DEFS=''
DEPDIR=''
ECHO_C=''
ECHO_N='-n'
ECHO_T=''
ETAGS='etags'
EXEEXT=''
INSTALL_DATA='${INSTALL} -m 644'
INSTALL_PROGRAM='${INSTALL}'
INSTALL_SCRIPT='${INSTALL}'
INSTALL_STRIP_PROGRAM='$(install_sh) -c -s'
LDFLAGS=''
LIBOBJS=''
LIBS=''
LTLIBOBJS=''
MAKEINFO='${SHELL} '\''/root/ZLangTranspiler/unicc/missing'\'' makeinfo'
MKDIR_P='/bin/mkdir -p'
OBJEXT=''
PACKAGE='unicc'
PACKAGE_BUGREPORT=''
PACKAGE_NAME='UniCC'
PACKAGE_STRING='UniCC 1.9.0'
PACKAGE_TARNAME='unicc'
PACKAGE_URL=''
PACKAGE_VERSION='1.9.0'
PATH_SEPARATOR=':'
SET_MAKE=''
SHELL='/bin/sh'
STRIP=''
VERSION='1.9.0'
ac_ct_CC='gcc'
am__EXEEXT_FALSE=''
am__EXEEXT_TRUE=''
am__fastdepCC_FALSE=''
am__fastdepCC_TRUE=''
am__include=''
am__isrc=''
am__leading_dot='.'
am__nodep=''
am__quote=''
am__rm_f_notfound=''
am__tar='$${TAR-tar} chof - "$$tardir"'
am__untar='$${TAR-tar} xf -'
am__xargs_n='xargs -n'
bindir='${exec_prefix}/bin'
build_alias=''
datadir='${datarootdir}'
datarootdir='${prefix}/share'
docdir='${datarootdir}/doc/${PACKAGE_TARNAME}'
dvidir='${docdir}'
exec_prefix='NONE'
host_alias=''
htmldir='${docdir}'
includedir='${prefix}/include'
infodir='${datarootdir}/info'
install_sh='${SHELL} /root/ZLangTranspiler/unicc/install-sh'
libdir='${exec_prefix}/lib'
libexecdir='${exec_prefix}/libexec'
localedir='${datarootdir}/locale'
localstatedir='${prefix}/var'
mandir='${datarootdir}/man'
mkdir_p='$(MKDIR_P)'
oldincludedir='/usr/include'
pdfdir='${docdir}'
prefix='NONE'
program_transform_name='s,x,x,'
psdir='${docdir}'
runstatedir='${localstatedir}/run'
sbindir='${exec_prefix}/sbin'
sharedstatedir='${prefix}/com'
sysconfdir='${prefix}/etc'
target_alias=''

## ----------- ##
## confdefs.h. ##
## ----------- ##

/* confdefs.h */
#define PACKAGE_NAME "UniCC"
#define PACKAGE_TARNAME "unicc"
#define PACKAGE_VERSION "1.9.0"
#define PACKAGE_STRING "UniCC 1.9.0"
#define PACKAGE_BUGREPORT ""
#define PACKAGE_URL ""
#define PACKAGE "unicc"
#define VERSION "1.9.0"

configure: caught signal 2
configure: exit 1
